This is pdfTeX, Version 3.14159265-2.6-1.40.21 (TeX Live 2020) (preloaded format=pdflatex 2021.2.9)  13 OCT 2021 13:57
entering extended mode
 restricted \write18 enabled.
 %&-line parsing enabled.
**main
(./main.tex
LaTeX2e <2020-10-01> patch level 4
L3 programming layer <2021-02-06>
(/home/noe/bin/texlive/2020/texmf-dist/tex/latex/base/article.cls
Document Class: article 2020/04/10 v1.4m Standard LaTeX document class
(/home/noe/bin/texlive/2020/texmf-dist/tex/latex/base/size10.clo
File: size10.clo 2020/04/10 v1.4m Standard LaTeX file (size option)
)
\c@part=\count177
\c@section=\count178
\c@subsection=\count179
\c@subsubsection=\count180
\c@paragraph=\count181
\c@subparagraph=\count182
\c@figure=\count183
\c@table=\count184
\abovecaptionskip=\skip47
\belowcaptionskip=\skip48
\bibindent=\dimen138
)
(/home/noe/bin/texlive/2020/texmf-dist/tex/latex/amsfonts/amssymb.sty
Package: amssymb 2013/01/14 v3.01 AMS font symbols

(/home/noe/bin/texlive/2020/texmf-dist/tex/latex/amsfonts/amsfonts.sty
Package: amsfonts 2013/01/14 v3.01 Basic AMSFonts support
\@emptytoks=\toks15
\symAMSa=\mathgroup4
\symAMSb=\mathgroup5
LaTeX Font Info:    Redeclaring math symbol \hbar on input line 98.
LaTeX Font Info:    Overwriting math alphabet `\mathfrak' in version `bold'
(Font)                  U/euf/m/n --> U/euf/b/n on input line 106.
))
(/home/noe/bin/texlive/2020/texmf-dist/tex/latex/amsmath/amsmath.sty
Package: amsmath 2020/09/23 v2.17i AMS math features
\@mathmargin=\skip49

For additional information on amsmath, use the `?' option.
(/home/noe/bin/texlive/2020/texmf-dist/tex/latex/amsmath/amstext.sty
Package: amstext 2000/06/29 v2.01 AMS text

(/home/noe/bin/texlive/2020/texmf-dist/tex/latex/amsmath/amsgen.sty
File: amsgen.sty 1999/11/30 v2.0 generic functions
\@emptytoks=\toks16
\ex@=\dimen139
))
(/home/noe/bin/texlive/2020/texmf-dist/tex/latex/amsmath/amsbsy.sty
Package: amsbsy 1999/11/29 v1.2d Bold Symbols
\pmbraise@=\dimen140
)
(/home/noe/bin/texlive/2020/texmf-dist/tex/latex/amsmath/amsopn.sty
Package: amsopn 2016/03/08 v2.02 operator names
)
\inf@bad=\count185
LaTeX Info: Redefining \frac on input line 234.
\uproot@=\count186
\leftroot@=\count187
LaTeX Info: Redefining \overline on input line 399.
\classnum@=\count188
\DOTSCASE@=\count189
LaTeX Info: Redefining \ldots on input line 496.
LaTeX Info: Redefining \dots on input line 499.
LaTeX Info: Redefining \cdots on input line 620.
\Mathstrutbox@=\box47
\strutbox@=\box48
\big@size=\dimen141
LaTeX Font Info:    Redeclaring font encoding OML on input line 743.
LaTeX Font Info:    Redeclaring font encoding OMS on input line 744.
\macc@depth=\count190
\c@MaxMatrixCols=\count191
\dotsspace@=\muskip16
\c@parentequation=\count192
\dspbrk@lvl=\count193
\tag@help=\toks17
\row@=\count194
\column@=\count195
\maxfields@=\count196
\andhelp@=\toks18
\eqnshift@=\dimen142
\alignsep@=\dimen143
\tagshift@=\dimen144
\tagwidth@=\dimen145
\totwidth@=\dimen146
\lineht@=\dimen147
\@envbody=\toks19
\multlinegap=\skip50
\multlinetaggap=\skip51
\mathdisplay@stack=\toks20
LaTeX Info: Redefining \[ on input line 2923.
LaTeX Info: Redefining \] on input line 2924.
)
(./defs.sty
\c@thm=\count197
)
(/home/noe/bin/texlive/2020/texmf-dist/tex/latex/listings/listings.sty
(/home/noe/bin/texlive/2020/texmf-dist/tex/latex/graphics/keyval.sty
Package: keyval 2014/10/28 v1.15 key=value parser (DPC)
\KV@toks@=\toks21
)
\lst@mode=\count198
\lst@gtempboxa=\box49
\lst@token=\toks22
\lst@length=\count199
\lst@currlwidth=\dimen148
\lst@column=\count266
\lst@pos=\count267
\lst@lostspace=\dimen149
\lst@width=\dimen150
\lst@newlines=\count268
\lst@lineno=\count269
\lst@maxwidth=\dimen151

(/home/noe/bin/texlive/2020/texmf-dist/tex/latex/listings/lstmisc.sty
File: lstmisc.sty 2020/03/24 1.8d (Carsten Heinz)
\c@lstnumber=\count270
\lst@skipnumbers=\count271
\lst@framebox=\box50
)
(/home/noe/bin/texlive/2020/texmf-dist/tex/latex/listings/listings.cfg
File: listings.cfg 2020/03/24 1.8d listings configuration
))
Package: listings 2020/03/24 1.8d (Carsten Heinz)

(/home/noe/bin/texlive/2020/texmf-dist/tex/latex/stmaryrd/stmaryrd.sty
Package: stmaryrd 1994/03/03 St Mary's Road symbol package
\symstmry=\mathgroup6
LaTeX Font Info:    Overwriting symbol font `stmry' in version `bold'
(Font)                  U/stmry/m/n --> U/stmry/b/n on input line 89.
)
(/home/noe/bin/texlive/2020/texmf-dist/tex/latex/xcolor/xcolor.sty
Package: xcolor 2016/05/11 v2.12 LaTeX color extensions (UK)

(/home/noe/bin/texlive/2020/texmf-dist/tex/latex/graphics-cfg/color.cfg
File: color.cfg 2016/01/02 v1.6 sample color configuration
)
Package xcolor Info: Driver file: pdftex.def on input line 225.

(/home/noe/bin/texlive/2020/texmf-dist/tex/latex/graphics-def/pdftex.def
File: pdftex.def 2020/10/05 v1.2a Graphics/color driver for pdftex
)
Package xcolor Info: Model `cmy' substituted by `cmy0' on input line 1348.
Package xcolor Info: Model `hsb' substituted by `rgb' on input line 1352.
Package xcolor Info: Model `RGB' extended on input line 1364.
Package xcolor Info: Model `HTML' substituted by `rgb' on input line 1366.
Package xcolor Info: Model `Hsb' substituted by `hsb' on input line 1367.
Package xcolor Info: Model `tHsb' substituted by `hsb' on input line 1368.
Package xcolor Info: Model `HSB' substituted by `hsb' on input line 1369.
Package xcolor Info: Model `Gray' substituted by `gray' on input line 1370.
Package xcolor Info: Model `wave' substituted by `hsb' on input line 1371.
)
(/home/noe/bin/texlive/2020/texmf-dist/tex/latex/tools/xspace.sty
Package: xspace 2014/10/28 v1.13 Space after command names (DPC,MH)
)
(/home/noe/bin/texlive/2020/texmf-dist/tex/latex/hyperref/hyperref.sty
Package: hyperref 2021-02-07 v7.00h Hypertext links for LaTeX

(/home/noe/bin/texlive/2020/texmf-dist/tex/generic/ltxcmds/ltxcmds.sty
Package: ltxcmds 2020-05-10 v1.25 LaTeX kernel commands for general use (HO)
)
(/home/noe/bin/texlive/2020/texmf-dist/tex/generic/iftex/iftex.sty
Package: iftex 2020/03/06 v1.0d TeX engine tests
)
(/home/noe/bin/texlive/2020/texmf-dist/tex/generic/pdftexcmds/pdftexcmds.sty
Package: pdftexcmds 2020-06-27 v0.33 Utility functions of pdfTeX for LuaTeX (HO
)

(/home/noe/bin/texlive/2020/texmf-dist/tex/generic/infwarerr/infwarerr.sty
Package: infwarerr 2019/12/03 v1.5 Providing info/warning/error messages (HO)
)
Package pdftexcmds Info: \pdf@primitive is available.
Package pdftexcmds Info: \pdf@ifprimitive is available.
Package pdftexcmds Info: \pdfdraftmode found.
)
(/home/noe/bin/texlive/2020/texmf-dist/tex/generic/kvsetkeys/kvsetkeys.sty
Package: kvsetkeys 2019/12/15 v1.18 Key value parser (HO)
)
(/home/noe/bin/texlive/2020/texmf-dist/tex/generic/kvdefinekeys/kvdefinekeys.st
y
Package: kvdefinekeys 2019-12-19 v1.6 Define keys (HO)
) (/home/noe/bin/texlive/2020/texmf-dist/tex/generic/pdfescape/pdfescape.sty
Package: pdfescape 2019/12/09 v1.15 Implements pdfTeX's escape features (HO)
)
(/home/noe/bin/texlive/2020/texmf-dist/tex/latex/hycolor/hycolor.sty
Package: hycolor 2020-01-27 v1.10 Color options for hyperref/bookmark (HO)
)
(/home/noe/bin/texlive/2020/texmf-dist/tex/latex/letltxmacro/letltxmacro.sty
Package: letltxmacro 2019/12/03 v1.6 Let assignment for LaTeX macros (HO)
)
(/home/noe/bin/texlive/2020/texmf-dist/tex/latex/auxhook/auxhook.sty
Package: auxhook 2019-12-17 v1.6 Hooks for auxiliary files (HO)
)
(/home/noe/bin/texlive/2020/texmf-dist/tex/latex/kvoptions/kvoptions.sty
Package: kvoptions 2020-10-07 v3.14 Key value format for package options (HO)
)
\@linkdim=\dimen152
\Hy@linkcounter=\count272
\Hy@pagecounter=\count273

(/home/noe/bin/texlive/2020/texmf-dist/tex/latex/hyperref/pd1enc.def
File: pd1enc.def 2021-02-07 v7.00h Hyperref: PDFDocEncoding definition (HO)
Now handling font encoding PD1 ...
... no UTF-8 mapping file for font encoding PD1
)
(/home/noe/bin/texlive/2020/texmf-dist/tex/latex/hyperref/hyperref-langpatches.
def
File: hyperref-langpatches.def 2021-02-07 v7.00h Hyperref: patches for babel la
nguages
) (/home/noe/bin/texlive/2020/texmf-dist/tex/generic/intcalc/intcalc.sty
Package: intcalc 2019/12/15 v1.3 Expandable calculations with integers (HO)
)
(/home/noe/bin/texlive/2020/texmf-dist/tex/generic/etexcmds/etexcmds.sty
Package: etexcmds 2019/12/15 v1.7 Avoid name clashes with e-TeX commands (HO)
)
\Hy@SavedSpaceFactor=\count274

(/home/noe/bin/texlive/2020/texmf-dist/tex/latex/hyperref/puenc.def
File: puenc.def 2021-02-07 v7.00h Hyperref: PDF Unicode definition (HO)
Now handling font encoding PU ...
... no UTF-8 mapping file for font encoding PU
)
Package hyperref Info: Option `colorlinks' set `true' on input line 4059.
Package hyperref Info: Hyper figures OFF on input line 4178.
Package hyperref Info: Link nesting OFF on input line 4183.
Package hyperref Info: Hyper index ON on input line 4186.
Package hyperref Info: Plain pages OFF on input line 4193.
Package hyperref Info: Backreferencing OFF on input line 4198.
Package hyperref Info: Implicit mode ON; LaTeX internals redefined.
Package hyperref Info: Bookmarks ON on input line 4431.
\c@Hy@tempcnt=\count275

(/home/noe/bin/texlive/2020/texmf-dist/tex/latex/url/url.sty
\Urlmuskip=\muskip17
Package: url 2013/09/16  ver 3.4  Verb mode for urls, etc.
)
LaTeX Info: Redefining \url on input line 4790.
\XeTeXLinkMargin=\dimen153

(/home/noe/bin/texlive/2020/texmf-dist/tex/generic/bitset/bitset.sty
Package: bitset 2019/12/09 v1.3 Handle bit-vector datatype (HO)

(/home/noe/bin/texlive/2020/texmf-dist/tex/generic/bigintcalc/bigintcalc.sty
Package: bigintcalc 2019/12/15 v1.5 Expandable calculations on big integers (HO
)
))
\Fld@menulength=\count276
\Field@Width=\dimen154
\Fld@charsize=\dimen155
Package hyperref Info: Hyper figures OFF on input line 6061.
Package hyperref Info: Link nesting OFF on input line 6066.
Package hyperref Info: Hyper index ON on input line 6069.
Package hyperref Info: backreferencing OFF on input line 6076.
Package hyperref Info: Link coloring ON on input line 6079.
Package hyperref Info: Link coloring with OCG OFF on input line 6086.
Package hyperref Info: PDF/A mode OFF on input line 6091.
LaTeX Info: Redefining \ref on input line 6131.
LaTeX Info: Redefining \pageref on input line 6135.

(/home/noe/bin/texlive/2020/texmf-dist/tex/latex/base/atbegshi-ltx.sty
Package: atbegshi-ltx 2020/08/17 v1.0a Emulation of the original atbegshi packa
ge
with kernel methods
)
\Hy@abspage=\count277
\c@Item=\count278
\c@Hfootnote=\count279
)
Package hyperref Info: Driver (autodetected): hpdftex.

(/home/noe/bin/texlive/2020/texmf-dist/tex/latex/hyperref/hpdftex.def
File: hpdftex.def 2021-02-07 v7.00h Hyperref driver for pdfTeX

(/home/noe/bin/texlive/2020/texmf-dist/tex/latex/base/atveryend-ltx.sty
Package: atveryend-ltx 2020/08/19 v1.0a Emulation of the original atvery packag
e
with kernel methods
)
\Fld@listcount=\count280
\c@bookmark@seq@number=\count281

(/home/noe/bin/texlive/2020/texmf-dist/tex/latex/rerunfilecheck/rerunfilecheck.
sty
Package: rerunfilecheck 2019/12/05 v1.9 Rerun checks for auxiliary files (HO)

(/home/noe/bin/texlive/2020/texmf-dist/tex/generic/uniquecounter/uniquecounter.
sty
Package: uniquecounter 2019/12/15 v1.4 Provide unlimited unique counter (HO)
)
Package uniquecounter Info: New unique counter `rerunfilecheck' on input line 2
86.
)
\Hy@SectionHShift=\skip52
) (/home/noe/bin/texlive/2020/texmf-dist/tex/latex/caption/caption.sty
Package: caption 2020/10/26 v3.5g Customizing captions (AR)

(/home/noe/bin/texlive/2020/texmf-dist/tex/latex/caption/caption3.sty
Package: caption3 2020/10/21 v2.2e caption3 kernel (AR)
\captionmargin=\dimen156
\captionmargin@=\dimen157
\captionwidth=\dimen158
\caption@tempdima=\dimen159
\caption@indent=\dimen160
\caption@parindent=\dimen161
\caption@hangindent=\dimen162
Package caption Info: Standard document class detected.
)
\c@caption@flags=\count282
\c@continuedfloat=\count283
Package caption Info: hyperref package is loaded.
Package caption Info: listings package is loaded.
)
(/home/noe/bin/texlive/2020/texmf-dist/tex/latex/mathpartir/mathpartir.sty
Package: mathpartir 2016/02/24 version 1.3.2 Math Paragraph for Typesetting Inf
erence Rules
\mpr@andskip=\skip53
\mpr@lista=\toks23
\mpr@listb=\toks24
\mpr@hlist=\box51
\mpr@vlist=\box52
\mpr@right=\box53
)
(./scalalistings.tex
LaTeX Info: Redefining \lstinline on input line 7.
)
(/home/noe/bin/texlive/2020/texmf-dist/tex/latex/l3backend/l3backend-pdftex.def
File: l3backend-pdftex.def 2021-02-06 L3 backend support: PDF output (pdfTeX)
\l__color_backend_stack_int=\count284
\l__pdf_internal_box=\box54
) (./main.aux)
\openout1 = `main.aux'.

LaTeX Font Info:    Checking defaults for OML/cmm/m/it on input line 26.
LaTeX Font Info:    ... okay on input line 26.
LaTeX Font Info:    Checking defaults for OMS/cmsy/m/n on input line 26.
LaTeX Font Info:    ... okay on input line 26.
LaTeX Font Info:    Checking defaults for OT1/cmr/m/n on input line 26.
LaTeX Font Info:    ... okay on input line 26.
LaTeX Font Info:    Checking defaults for T1/cmr/m/n on input line 26.
LaTeX Font Info:    ... okay on input line 26.
LaTeX Font Info:    Checking defaults for TS1/cmr/m/n on input line 26.
LaTeX Font Info:    ... okay on input line 26.
LaTeX Font Info:    Checking defaults for OMX/cmex/m/n on input line 26.
LaTeX Font Info:    ... okay on input line 26.
LaTeX Font Info:    Checking defaults for U/cmr/m/n on input line 26.
LaTeX Font Info:    ... okay on input line 26.
LaTeX Font Info:    Checking defaults for PD1/pdf/m/n on input line 26.
LaTeX Font Info:    ... okay on input line 26.
LaTeX Font Info:    Checking defaults for PU/pdf/m/n on input line 26.
LaTeX Font Info:    ... okay on input line 26.
\c@lstlisting=\count285

(/home/noe/bin/texlive/2020/texmf-dist/tex/context/base/mkii/supp-pdf.mkii
[Loading MPS to PDF converter (version 2006.09.02).]
\scratchcounter=\count286
\scratchdimen=\dimen163
\scratchbox=\box55
\nofMPsegments=\count287
\nofMParguments=\count288
\everyMPshowfont=\toks25
\MPscratchCnt=\count289
\MPscratchDim=\dimen164
\MPnumerator=\count290
\makeMPintoPDFobject=\count291
\everyMPtoPDFconversion=\toks26
)
Package hyperref Info: Link coloring ON on input line 26.
 (/home/noe/bin/texlive/2020/texmf-dist/tex/latex/hyperref/nameref.sty
Package: nameref 2021-04-02 v2.47 Cross-referencing by name of section

(/home/noe/bin/texlive/2020/texmf-dist/tex/latex/refcount/refcount.sty
Package: refcount 2019/12/15 v3.6 Data extraction from label references (HO)
)
(/home/noe/bin/texlive/2020/texmf-dist/tex/generic/gettitlestring/gettitlestrin
g.sty
Package: gettitlestring 2019/12/15 v1.6 Cleanup title references (HO)
)
\c@section@level=\count292
)
LaTeX Info: Redefining \ref on input line 26.
LaTeX Info: Redefining \pageref on input line 26.
LaTeX Info: Redefining \nameref on input line 26.
 (./main.out) (./main.out)
\@outlinefile=\write3
\openout3 = `main.out'.

Package caption Info: Begin \AtBeginDocument code.
Package caption Info: End \AtBeginDocument code.
LaTeX Font Info:    Trying to load font information for U+msa on input line 28.


(/home/noe/bin/texlive/2020/texmf-dist/tex/latex/amsfonts/umsa.fd
File: umsa.fd 2013/01/14 v3.01 AMS symbols A
)
LaTeX Font Info:    Trying to load font information for U+msb on input line 28.


(/home/noe/bin/texlive/2020/texmf-dist/tex/latex/amsfonts/umsb.fd
File: umsb.fd 2013/01/14 v3.01 AMS symbols B
)
LaTeX Font Info:    Trying to load font information for U+stmry on input line 2
8.

(/home/noe/bin/texlive/2020/texmf-dist/tex/latex/stmaryrd/Ustmry.fd)

LaTeX Warning: No \author given.

(./introduction.tex (./Factorial.scala
LaTeX Font Info:    Font shape `OT1/cmtt/bx/n' in size <10> not available
(Font)              Font shape `OT1/cmtt/m/n' tried instead on input line 1.
) [1

{/home/noe/bin/texlive/2020/texmf-var/fonts/map/pdftex/updmap/pdftex.map}] (./H
ello1.scala) (./Hello2.scala)
(./List1.scala)

LaTeX Warning: `h' float specifier changed to `ht'.

(./List2.scala) [2] (./List3.scala) (./List4.scala)

LaTeX Warning: `h' float specifier changed to `ht'.

[3]) (./syntax.tex
LaTeX Font Info:    Trying to load font information for OMS+cmtt on input line 
19.
LaTeX Font Info:    No file OMScmtt.fd. on input line 19.


LaTeX Font Warning: Font shape `OMS/cmtt/bx/n' undefined
(Font)              using `OMS/cmsy/m/n' instead
(Font)              for symbol `textbraceleft' on input line 19.


Overfull \hbox (94.20728pt too wide) detected at line 44
[]
 []

[4] [5]
Underfull \hbox (badness 1590) in paragraph at lines 111--118
[]\OT1/cmr/m/n/10 A lit-tle more com-pli-cated is the in-ter-ac-tion be-tween [
][][] and [][][][][]:
 []


Underfull \hbox (badness 5147) in paragraph at lines 111--118
\OT1/cmr/m/n/10 the def-i-ni-tion part of the [][][][][] ex-tends only as lit-t
le as the
 []


Underfull \hbox (badness 2521) in paragraph at lines 111--118
\OT1/cmr/m/n/10 first semi-colon, but then the vari-able de-fined is vis-i-ble 
through
 []


Underfull \hbox (badness 3460) in paragraph at lines 111--118
\OT1/cmr/m/n/10 any num-ber of semi-colons. Thus [][][][][][][][][][][][][][][]
[][][][][][][][][][]
 []


Underfull \hbox (badness 10000) in paragraph at lines 111--118
\OT1/cmr/m/n/10 means [][][][][][][][][][][][][][][][][][][][][][][][][][][] an
d not
 []


Underfull \hbox (badness 3049) in paragraph at lines 111--118
[][][][][][][][][][][][][][][][][][][][][][][][][][] \OT1/cmr/m/n/10 or [][][][
][][][][][][][][][][][][][][][][][][][][][]
 []


Underfull \hbox (badness 10000) in paragraph at lines 125--129
[]\OT1/cmr/m/n/10 A [][][][][] def-i-ni-tion is not al-lowed di-rectly in the
 []


Underfull \hbox (badness 10000) in paragraph at lines 125--129
\OT1/cmr/m/n/10 value as-signed by an en-clos-ing [][][][][] def-i-ni-tion. E.g
.
 []


Underfull \hbox (badness 10000) in paragraph at lines 125--129
[][][][][][][][][][][][][][][][][][][][][][][][][][][][][][][][][][][][] \OT1/c
mr/m/n/10 is not al-lowed.
 []

) (./semantics.tex [6] [7]

LaTeX Warning: `h' float specifier changed to `ht'.

[8]) (./informal.tex
Overfull \hbox (7.84517pt too wide) in paragraph at lines 42--48
\OT1/cmr/m/n/10 con-junc-tion and dis-junc-tion. \OT1/cmr/m/it/10 No-tice that 
these op-er-a-tors are short-circuiting\OT1/cmr/m/n/10 .
 []

[9] [10]
Overfull \hbox (4.49124pt too wide) in paragraph at lines 104--110
\OT1/cmr/m/n/10 es-tab-lish some ter-mi-nol-ogy. A match case has a \OT1/cmr/m/
it/10 scru-ti-nee \OT1/cmr/m/n/10 (the first operand,
 []

[11]) (./formal.tex) (./types.tex [12]) (./moretypes.tex) (./library.tex)
[13] [14] [15] (./main.aux)

LaTeX Font Warning: Some font shapes were not available, defaults substituted.

Package rerunfilecheck Info: File `main.out' has not changed.
(rerunfilecheck)             Checksum: C8DBB80E82231213E6B9B07B0F0F471E;3082.
 ) 
Here is how much of TeX's memory you used:
 12768 strings out of 479302
 185180 string characters out of 5865767
 498228 words of memory out of 5000000
 29654 multiletter control sequences out of 15000+600000
 414470 words of font info for 72 fonts, out of 8000000 for 9000
 1141 hyphenation exceptions out of 8191
 71i,16n,74p,372b,1338s stack positions out of 5000i,500n,10000p,200000b,80000s
{/home/noe/bin/texlive/2020/texmf-dist/fonts/enc/dvips/cm-super/cm-super-ts1.
enc}</home/noe/bin/texlive/2020/texmf-dist/fonts/type1/public/amsfonts/cm/cmbx1
0.pfb></home/noe/bin/texlive/2020/texmf-dist/fonts/type1/public/amsfonts/cm/cmb
x12.pfb></home/noe/bin/texlive/2020/texmf-dist/fonts/type1/public/amsfonts/cm/c
mcsc10.pfb></home/noe/bin/texlive/2020/texmf-dist/fonts/type1/public/amsfonts/c
m/cmitt10.pfb></home/noe/bin/texlive/2020/texmf-dist/fonts/type1/public/amsfont
s/cm/cmmi10.pfb></home/noe/bin/texlive/2020/texmf-dist/fonts/type1/public/amsfo
nts/cm/cmmi7.pfb></home/noe/bin/texlive/2020/texmf-dist/fonts/type1/public/amsf
onts/cm/cmr10.pfb></home/noe/bin/texlive/2020/texmf-dist/fonts/type1/public/ams
fonts/cm/cmr12.pfb></home/noe/bin/texlive/2020/texmf-dist/fonts/type1/public/am
sfonts/cm/cmr17.pfb></home/noe/bin/texlive/2020/texmf-dist/fonts/type1/public/a
msfonts/cm/cmr7.pfb></home/noe/bin/texlive/2020/texmf-dist/fonts/type1/public/a
msfonts/cm/cmsy10.pfb></home/noe/bin/texlive/2020/texmf-dist/fonts/type1/public
/amsfonts/cm/cmsy7.pfb></home/noe/bin/texlive/2020/texmf-dist/fonts/type1/publi
c/amsfonts/cm/cmti10.pfb></home/noe/bin/texlive/2020/texmf-dist/fonts/type1/pub
lic/amsfonts/cm/cmtt10.pfb></home/noe/bin/texlive/2020/texmf-dist/fonts/type1/p
ublic/cm-super/sfrm1000.pfb>
Output written on main.pdf (15 pages, 225981 bytes).
PDF statistics:
 329 PDF objects out of 1000 (max. 8388607)
 294 compressed objects within 3 object streams
 113 named destinations out of 1000 (max. 500000)
 153 words of extra memory for PDF output out of 10000 (max. 10000000)

